<?xml version="1.0" encoding="UTF-8"?>
<!-- Generated by org.testng.reporters.JUnitReportReporter -->
<testsuite hostname="LAPTOP-VB9FJKNE" failures="0" tests="2" name="qa.mobile.Test1" time="9.968" errors="0" timestamp="2025-04-10T22:17:43 IST" skipped="0">
  <testcase classname="qa.mobile.Test1" name="validLogin" time="4.768"/>
  <system-out/>
  <testcase classname="qa.mobile.Test1" name="loginWithInvalidUsername" time="5.200"/>
  <system-out/>
</testsuite> <!-- qa.mobile.Test1 -->
